2016-02-20 19:47:25 -0800 | 404 | GET / - 373µs
2016-02-20 19:47:25 -0800 | 404 | GET /favicon.ico - 1µs
2016-02-20 19:47:25 -0800 | 404 | GET /apple-touch-icon-precomposed.png - 5µs
2016-02-20 19:47:25 -0800 | 404 | GET /apple-touch-icon.png - 1µs
2016-02-20 19:56:31 -0800 | 404 | GET / - 696µs
2016-02-20 19:58:34 -0800 | 404 | GET / - 618µs
2016-02-20 19:58:35 -0800 | 404 | GET / - 4µs
2016-02-20 19:58:51 -0800 | 404 | GET / - 4µs
2016-02-20 19:59:26 -0800 | 404 | GET / - 615µs
2016-02-20 19:59:41 -0800 | 404 | GET / - 10µs
2016-02-20 19:59:42 -0800 | 404 | GET /index.html%3Fp=58.html - 36µs
2016-02-20 19:59:50 -0800 | 200 | GET /index.html - 78µs
2016-02-20 20:27:55 -0800 | 200 | GET /index.html - 558µs
2016-02-22 17:23:26 -0800 | 404 | GET / - 130µs
2016-02-22 17:23:35 -0800 | 404 | GET / - 4µs
2016-02-22 17:23:35 -0800 | 404 | GET /posts - 42µs
2016-02-22 17:23:36 -0800 | 404 | GET /posts - 24µs
2016-02-22 17:23:42 -0800 | 404 | GET / - 4µs
2016-02-22 17:23:44 -0800 | 200 | GET /index.html - 55µs
2016-02-22 17:23:44 -0800 | 200 | GET /index.html - 70µs
2016-02-22 17:23:49 -0800 | 404 | GET / - 5µs
2016-02-22 17:23:50 -0800 | 404 | GET /posts - 17µs
2016-02-22 17:23:50 -0800 | 404 | GET /posts - 21µs
2016-02-22 20:55:15 -0800 | 404 | GET /posts - 882µs
2016-02-22 20:55:25 -0800 | 404 | GET /posts - 23µs
2016-02-22 20:55:29 -0800 | 404 | GET /posts - 26µs
2016-02-22 21:15:05 -0800 | 404 | GET /posts - 247µs
2016-02-22 21:15:09 -0800 | 404 | GET /posts/1/delete - 31µs
2016-02-22 21:15:09 -0800 | 404 | GET /posts/1 - 22µs
2016-02-22 21:15:09 -0800 | 404 | GET /posts/1 - 19µs
2016-02-22 21:15:12 -0800 | 404 | GET /posts/1/delete - 19µs
2016-02-22 21:15:12 -0800 | 404 | GET /posts - 18µs
2016-02-22 21:15:13 -0800 | 404 | GET /posts - 22µs
2016-02-22 21:15:16 -0800 | 200 | GET / - 80.12ms
2016-02-22 21:15:16 -0800 | 200 | GET /stylesheets/application.css - 261µs
2016-02-22 21:15:16 -0800 | 200 | GET /javascripts/application.js - 200µs
2016-02-22 21:15:16 -0800 | 200 | GET / - 519µs
2016-02-22 21:15:16 -0800 | 200 | GET /stylesheets/application.css - 93µs
2016-02-22 21:15:16 -0800 | 200 | GET /javascripts/application.js - 51µs
2016-02-22 21:16:17 -0800 | 404 | GET /posts/new - 29µs
2016-02-22 21:16:23 -0800 | 404 | GET /posts/2/edit - 25µs
2016-02-22 21:16:27 -0800 | 404 | GET /posts/2 - 44µs
2016-02-22 21:16:35 -0800 | 200 | GET / - 429µs
2016-02-22 21:16:35 -0800 | 200 | GET /stylesheets/application.css - 112µs
2016-02-22 21:16:35 -0800 | 200 | GET /javascripts/application.js - 54µs
2016-02-22 21:16:36 -0800 | 404 | GET /posts/new - 24µs
2016-02-22 21:16:40 -0800 | 404 | GET /logout - 38µs
2016-02-22 21:16:43 -0800 | 200 | GET / - 1.01ms
2016-02-22 21:16:43 -0800 | 200 | GET /stylesheets/application.css - 60µs
2016-02-22 21:16:43 -0800 | 200 | GET /javascripts/application.js - 40µs
2016-02-22 21:24:34 -0800 | 200 | GET / - 308µs
2016-02-22 21:38:47 -0800 | 200 | GET /posts/new - 96µs
2016-02-22 21:38:47 -0800 | 200 | GET /stylesheets/application.css - 140µs
2016-02-22 21:38:47 -0800 | 200 | GET /javascripts/application.js - 73µs
2016-02-22 21:40:40 -0800 | 200 | GET / - 26.21ms
2016-02-22 21:40:40 -0800 | 200 | GET /stylesheets/application.css - 126µs
2016-02-22 21:40:40 -0800 | 200 | GET /javascripts/application.js - 143µs
2016-02-22 21:40:53 -0800 | 200 | GET / - 377µs
2016-02-22 21:40:53 -0800 | 200 | GET /stylesheets/application.css - 87µs
2016-02-22 21:40:53 -0800 | 200 | GET /javascripts/application.js - 66µs
2016-02-22 21:40:53 -0800 | 200 | GET /posts - 500µs
2016-02-22 21:40:53 -0800 | 200 | GET /stylesheets/application.css - 62µs
2016-02-22 21:40:53 -0800 | 200 | GET /javascripts/application.js - 78µs
2016-02-22 21:40:54 -0800 | 200 | GET /posts - 386µs
2016-02-22 21:40:54 -0800 | 200 | GET /stylesheets/application.css - 152µs
2016-02-22 21:40:54 -0800 | 200 | GET /javascripts/application.js - 63µs
2016-02-22 21:42:17 -0800 | 200 | GET / - 28.19ms
2016-02-22 21:42:18 -0800 | 200 | GET /stylesheets/application.css - 103µs
2016-02-22 21:42:18 -0800 | 200 | GET /javascripts/application.js - 80µs
2016-02-22 21:49:55 -0800 | 200 | GET / - 29.1ms
2016-02-22 21:49:55 -0800 | 200 | GET /stylesheets/application.css - 100µs
2016-02-22 21:49:55 -0800 | 200 | GET /javascripts/application.js - 67µs
2016-02-22 21:50:00 -0800 | 200 | GET /posts/new - 90µs
2016-02-22 21:50:00 -0800 | 200 | GET /stylesheets/application.css - 158µs
2016-02-22 21:50:00 -0800 | 200 | GET /javascripts/application.js - 60µs
2016-02-22 21:50:02 -0800 | 200 | GET / - 467µs
2016-02-22 21:50:02 -0800 | 200 | GET /stylesheets/application.css - 105µs
2016-02-22 21:50:02 -0800 | 200 | GET /javascripts/application.js - 140µs
2016-02-22 21:50:05 -0800 | 500 | GET /logout - 3.58ms
2016-02-22 21:50:36 -0800 | 500 | GET /posts/2 - 356µs
2016-02-22 21:50:59 -0800 | 500 | GET /posts/2/edit - 343µs
2016-02-22 21:51:06 -0800 | 200 | GET /posts/new - 95µs
2016-02-22 21:51:06 -0800 | 200 | GET /stylesheets/application.css - 201µs
2016-02-22 21:51:06 -0800 | 200 | GET /javascripts/application.js - 72µs
2016-02-22 21:51:09 -0800 | 200 | GET / - 450µs
2016-02-22 21:51:09 -0800 | 200 | GET /stylesheets/application.css - 98µs
2016-02-22 21:51:09 -0800 | 200 | GET /javascripts/application.js - 85µs
2016-02-22 22:02:16 -0800 | 200 | GET / - 25.38ms
2016-02-22 22:02:16 -0800 | 200 | GET /stylesheets/application.css - 79µs
2016-02-22 22:02:16 -0800 | 200 | GET /javascripts/application.js - 68µs
2016-02-22 22:02:18 -0800 | 200 | GET /posts/2 - 5.99ms
2016-02-22 22:02:18 -0800 | 200 | GET /stylesheets/application.css - 152µs
2016-02-22 22:02:18 -0800 | 200 | GET /javascripts/application.js - 133µs
2016-02-22 22:02:20 -0800 | 200 | GET /posts - 672µs
2016-02-22 22:02:20 -0800 | 200 | GET /stylesheets/application.css - 101µs
2016-02-22 22:02:20 -0800 | 200 | GET /javascripts/application.js - 88µs
2016-02-22 22:02:21 -0800 | 200 | GET /posts/2/edit - 458µs
2016-02-22 22:02:21 -0800 | 200 | GET /stylesheets/application.css - 100µs
2016-02-22 22:02:21 -0800 | 200 | GET /javascripts/application.js - 69µs
2016-02-22 22:02:22 -0800 | 200 | GET /posts - 465µs
2016-02-22 22:02:22 -0800 | 200 | GET /stylesheets/application.css - 198µs
2016-02-22 22:02:22 -0800 | 200 | GET /javascripts/application.js - 87µs
2016-02-22 22:02:27 -0800 | 200 | GET /posts/2 - 488µs
2016-02-22 22:02:27 -0800 | 200 | GET /stylesheets/application.css - 147µs
2016-02-22 22:02:27 -0800 | 200 | GET /javascripts/application.js - 90µs
2016-02-22 22:02:29 -0800 | 200 | GET /posts - 465µs
2016-02-22 22:02:29 -0800 | 200 | GET /stylesheets/application.css - 109µs
2016-02-22 22:02:29 -0800 | 200 | GET /javascripts/application.js - 76µs
2016-02-22 22:02:31 -0800 | 200 | GET /posts/new - 93µs
2016-02-22 22:02:31 -0800 | 200 | GET /stylesheets/application.css - 193µs
2016-02-22 22:02:31 -0800 | 200 | GET /javascripts/application.js - 82µs
2016-02-22 22:02:33 -0800 | 200 | GET / - 430µs
2016-02-22 22:02:33 -0800 | 200 | GET /stylesheets/application.css - 104µs
2016-02-22 22:02:33 -0800 | 200 | GET /javascripts/application.js - 110µs
2016-02-22 22:22:49 -0800 | 500 | GET / - 29.61ms
2016-02-22 22:27:13 -0800 | 200 | GET / - 25.16ms
2016-02-22 22:27:13 -0800 | 200 | GET /stylesheets/application.css - 292µs
2016-02-22 22:27:13 -0800 | 200 | GET /javascripts/application.js - 65µs
2016-02-22 22:27:28 -0800 | 200 | GET /posts/2 - 507µs
2016-02-22 22:27:28 -0800 | 200 | GET /stylesheets/application.css - 113µs
2016-02-22 22:27:28 -0800 | 200 | GET /javascripts/application.js - 135µs
2016-02-22 22:27:29 -0800 | 200 | GET /posts - 432µs
2016-02-22 22:27:29 -0800 | 200 | GET /stylesheets/application.css - 162µs
2016-02-22 22:27:29 -0800 | 200 | GET /javascripts/application.js - 96µs
2016-02-22 22:27:30 -0800 | 200 | GET /posts/2/edit - 497µs
2016-02-22 22:27:30 -0800 | 200 | GET /stylesheets/application.css - 105µs
2016-02-22 22:27:30 -0800 | 200 | GET /javascripts/application.js - 103µs
2016-02-22 22:27:31 -0800 | 200 | GET /posts - 462µs
2016-02-22 22:27:31 -0800 | 200 | GET /stylesheets/application.css - 135µs
2016-02-22 22:27:31 -0800 | 200 | GET /javascripts/application.js - 92µs
2016-02-22 22:27:33 -0800 | 200 | GET /posts/2/edit - 460µs
2016-02-22 22:27:33 -0800 | 200 | GET /stylesheets/application.css - 163µs
2016-02-22 22:27:33 -0800 | 200 | GET /javascripts/application.js - 80µs
2016-02-22 22:27:34 -0800 | 500 | POST /posts/2/update - 3.66ms
2016-02-22 22:30:06 -0800 | 500 | POST /posts/2/update - 3.67ms
2016-02-22 22:30:36 -0800 | 200 | GET /posts/2/edit - 25.45ms
2016-02-22 22:30:36 -0800 | 200 | GET /stylesheets/application.css - 167µs
2016-02-22 22:30:36 -0800 | 200 | GET /javascripts/application.js - 69µs
2016-02-22 22:30:39 -0800 | 500 | GET /posts/2/update?name=Using+Kemalyst+Instead+of+Amethyst&body=I+switch+to+a+new+framework+based+on+Kemal.++This+has+blazing+speed+and+isn%27t+single+threaded.++I+added+the+same+connection+pools+to+my+model+objects. - 278µs
2016-02-22 22:31:36 -0800 | 200 | GET /posts/2/edit - 25.01ms
2016-02-22 22:31:36 -0800 | 200 | GET /stylesheets/application.css - 128µs
2016-02-22 22:31:36 -0800 | 200 | GET /javascripts/application.js - 62µs
2016-02-22 22:31:37 -0800 | 500 | POST /posts/2/update - 3.03ms
2016-02-22 22:33:20 -0800 | 200 | GET /posts/2/edit - 25.33ms
2016-02-22 22:33:20 -0800 | 200 | GET /stylesheets/application.css - 245µs
2016-02-22 22:33:20 -0800 | 200 | GET /javascripts/application.js - 73µs
2016-02-22 22:33:21 -0800 | 302 | POST /posts/2/update - 2.64ms
2016-02-22 22:33:21 -0800 | 200 | GET /posts/2 - 319µs
2016-02-22 22:33:21 -0800 | 200 | GET /stylesheets/application.css - 123µs
2016-02-22 22:33:21 -0800 | 200 | GET /javascripts/application.js - 73µs
2016-02-22 22:33:23 -0800 | 200 | GET /posts - 1.97ms
2016-02-22 22:33:23 -0800 | 200 | GET /stylesheets/application.css - 141µs
2016-02-22 22:33:23 -0800 | 200 | GET /javascripts/application.js - 96µs
2016-02-22 22:33:24 -0800 | 200 | GET /posts/2/edit - 468µs
2016-02-22 22:33:24 -0800 | 200 | GET /stylesheets/application.css - 137µs
2016-02-22 22:33:24 -0800 | 200 | GET /javascripts/application.js - 105µs
2016-02-22 22:33:34 -0800 | 302 | POST /posts/2/update - 1.28ms
2016-02-22 22:33:34 -0800 | 200 | GET /posts/2 - 696µs
2016-02-22 22:33:34 -0800 | 200 | GET /stylesheets/application.css - 76µs
2016-02-22 22:33:34 -0800 | 200 | GET /javascripts/application.js - 75µs
2016-02-22 22:33:38 -0800 | 200 | GET /posts/2 - 481µs
2016-02-22 22:33:38 -0800 | 200 | GET /stylesheets/application.css - 97µs
2016-02-22 22:33:38 -0800 | 200 | GET /javascripts/application.js - 164µs
2016-02-22 22:33:40 -0800 | 200 | GET /posts - 529µs
2016-02-22 22:33:40 -0800 | 200 | GET /stylesheets/application.css - 165µs
2016-02-22 22:33:40 -0800 | 200 | GET /javascripts/application.js - 117µs
2016-02-22 22:33:41 -0800 | 200 | GET /posts/2/edit - 448µs
2016-02-22 22:33:41 -0800 | 200 | GET /stylesheets/application.css - 120µs
2016-02-22 22:33:41 -0800 | 200 | GET /javascripts/application.js - 115µs
2016-02-22 22:33:47 -0800 | 302 | POST /posts/2/update - 1.35ms
2016-02-22 22:33:47 -0800 | 200 | GET /posts/2 - 245µs
2016-02-22 22:33:47 -0800 | 200 | GET /stylesheets/application.css - 122µs
2016-02-22 22:33:47 -0800 | 200 | GET /javascripts/application.js - 74µs
2016-02-22 22:35:21 -0800 | 200 | GET /posts/new - 93µs
2016-02-22 22:35:21 -0800 | 200 | GET /stylesheets/application.css - 119µs
2016-02-22 22:35:21 -0800 | 200 | GET /javascripts/application.js - 59µs
2016-02-22 22:35:35 -0800 | 302 | POST /posts/create - 3.41ms
2016-02-22 22:35:35 -0800 | 200 | GET /posts - 386µs
2016-02-22 22:35:35 -0800 | 200 | GET /stylesheets/application.css - 89µs
2016-02-22 22:35:35 -0800 | 200 | GET /javascripts/application.js - 86µs
2016-02-22 22:52:19 -0800 | 200 | GET /posts - 25.03ms
2016-02-22 22:52:19 -0800 | 200 | GET /stylesheets/application.css - 91µs
2016-02-22 22:52:19 -0800 | 200 | GET /javascripts/application.js - 75µs
2016-02-22 22:52:22 -0800 | 200 | GET /posts/3/edit - 517µs
2016-02-22 22:52:22 -0800 | 200 | GET /stylesheets/application.css - 196µs
2016-02-22 22:52:22 -0800 | 200 | GET /javascripts/application.js - 122µs
2016-02-22 22:53:04 -0800 | 500 | POST /posts/3/update - 3.83ms
2016-02-22 22:53:11 -0800 | 200 | GET /posts/3/edit - 473µs
2016-02-22 22:53:11 -0800 | 200 | GET /stylesheets/application.css - 118µs
2016-02-22 22:53:11 -0800 | 200 | GET /javascripts/application.js - 178µs
2016-02-22 22:53:12 -0800 | 200 | GET /posts/3/edit - 464µs
2016-02-22 22:53:12 -0800 | 200 | GET /stylesheets/application.css - 100µs
2016-02-22 22:53:12 -0800 | 200 | GET /javascripts/application.js - 122µs
2016-02-22 22:53:14 -0800 | 200 | GET /posts/new - 87µs
2016-02-22 22:53:14 -0800 | 200 | GET /stylesheets/application.css - 159µs
2016-02-22 22:53:14 -0800 | 200 | GET /javascripts/application.js - 74µs
2016-02-22 22:53:24 -0800 | 302 | POST /posts/create - 1.52ms
2016-02-22 22:53:24 -0800 | 200 | GET /posts - 311µs
2016-02-22 22:53:24 -0800 | 200 | GET /stylesheets/application.css - 73µs
2016-02-22 22:53:24 -0800 | 200 | GET /javascripts/application.js - 88µs
2016-02-22 22:53:28 -0800 | 200 | GET /posts/3/edit - 453µs
2016-02-22 22:53:28 -0800 | 200 | GET /stylesheets/application.css - 132µs
2016-02-22 22:53:28 -0800 | 200 | GET /javascripts/application.js - 97µs
2016-02-22 22:53:45 -0800 | 500 | POST /posts/3/update - 249µs
2016-02-22 23:01:01 -0800 | 200 | GET / - 27.04ms
2016-02-22 23:01:01 -0800 | 200 | GET /stylesheets/application.css - 179µs
2016-02-22 23:01:01 -0800 | 200 | GET /javascripts/application.js - 70µs
2016-02-22 23:01:08 -0800 | 500 | GET /posts/4/delete - 3.35ms
2016-02-22 23:01:17 -0800 | 200 | GET / - 497µs
2016-02-22 23:01:17 -0800 | 200 | GET /stylesheets/application.css - 176µs
2016-02-22 23:01:17 -0800 | 200 | GET /javascripts/application.js - 71µs
2016-02-22 23:01:21 -0800 | 200 | GET /posts/new - 94µs
2016-02-22 23:01:21 -0800 | 200 | GET /stylesheets/application.css - 180µs
2016-02-22 23:01:21 -0800 | 200 | GET /javascripts/application.js - 91µs
2016-02-22 23:01:34 -0800 | 302 | POST /posts/create - 1.41ms
2016-02-22 23:01:34 -0800 | 200 | GET /posts - 341µs
2016-02-22 23:01:34 -0800 | 200 | GET /stylesheets/application.css - 101µs
2016-02-22 23:01:34 -0800 | 200 | GET /javascripts/application.js - 60µs
2016-02-22 23:01:38 -0800 | 200 | GET /posts/5/edit - 562µs
2016-02-22 23:01:38 -0800 | 200 | GET /stylesheets/application.css - 160µs
2016-02-22 23:01:38 -0800 | 200 | GET /javascripts/application.js - 129µs
2016-02-22 23:01:40 -0800 | 500 | POST /posts/5/update - 1.38ms
2016-02-24 18:41:57 -0800 | 500 | GET / - 1.54ms
2016-02-24 18:41:57 -0800 | 500 | GET /favicon.ico - 386µs
2016-02-24 18:41:57 -0800 | 500 | GET /apple-touch-icon-precomposed.png - 220µs
2016-02-24 18:41:57 -0800 | 500 | GET /apple-touch-icon.png - 190µs
2016-02-24 18:42:28 -0800 | 500 | GET / - 243µs
2016-02-24 18:42:28 -0800 | 500 | GET /apple-touch-icon-precomposed.png - 306µs
2016-02-24 18:42:28 -0800 | 500 | GET /favicon.ico - 252µs
2016-02-24 18:42:28 -0800 | 500 | GET /apple-touch-icon.png - 250µs
2016-02-24 18:42:28 -0800 | 500 | GET / - 222µs
2016-02-24 18:42:28 -0800 | 500 | GET /apple-touch-icon-precomposed.png - 200µs
2016-02-24 18:42:28 -0800 | 500 | GET /apple-touch-icon.png - 225µs
2016-02-24 19:25:12 -0800 | 500 | GET / - 803µs
2016-02-24 19:25:12 -0800 | 500 | GET /apple-touch-icon-precomposed.png - 324µs
2016-02-24 19:25:12 -0800 | 500 | GET /apple-touch-icon.png - 190µs
2016-02-24 19:50:36 -0800 | 500 | GET / - 70.56ms
2016-02-24 19:53:38 -0800 | 500 | GET / - 29.32ms
2016-02-24 19:56:39 -0800 | 200 | GET / - 33.41ms
2016-02-24 19:56:39 -0800 | 200 | GET /stylesheets/application.css - 297µs
2016-02-24 19:56:39 -0800 | 200 | GET /javascripts/application.js - 78µs
2016-02-24 19:56:43 -0800 | 200 | GET /posts/new - 138µs
2016-02-24 19:56:43 -0800 | 200 | GET /stylesheets/application.css - 157µs
2016-02-24 19:56:43 -0800 | 200 | GET /javascripts/application.js - 72µs
2016-02-24 19:56:59 -0800 | 200 | GET / - 397µs
2016-02-24 19:56:59 -0800 | 200 | GET /stylesheets/application.css - 145µs
2016-02-24 19:56:59 -0800 | 200 | GET /javascripts/application.js - 151µs
2016-02-24 19:57:00 -0800 | 200 | GET /posts/new - 123µs
2016-02-24 19:57:00 -0800 | 200 | GET /stylesheets/application.css - 109µs
2016-02-24 19:57:00 -0800 | 200 | GET /javascripts/application.js - 53µs
2016-02-24 19:57:11 -0800 | 302 | POST /posts/create - 8.59ms
2016-02-24 19:57:11 -0800 | 200 | GET /posts - 440µs
2016-02-24 19:57:11 -0800 | 200 | GET /stylesheets/application.css - 149µs
2016-02-24 19:57:11 -0800 | 200 | GET /javascripts/application.js - 147µs
2016-02-24 19:57:13 -0800 | 200 | GET /posts/1/edit - 509µs
2016-02-24 19:57:13 -0800 | 200 | GET /stylesheets/application.css - 199µs
2016-02-24 19:57:13 -0800 | 200 | GET /javascripts/application.js - 78µs
2016-02-24 19:57:15 -0800 | 500 | POST /posts/1/update - 2.94ms
2016-02-24 19:59:06 -0800 | 500 | POST /posts/1/update - 3.34ms
2016-02-24 19:59:49 -0800 | 500 | POST /posts/1/update - 3.84ms
2016-02-24 20:00:09 -0800 | 200 | GET /posts/1/edit - 29ms
2016-02-24 20:00:09 -0800 | 200 | GET /posts/1/edit - 334µs
2016-02-24 20:00:09 -0800 | 200 | GET /stylesheets/application.css - 198µs
2016-02-24 20:00:09 -0800 | 200 | GET /javascripts/application.js - 76µs
2016-02-24 20:00:14 -0800 | 200 | GET /posts/1/edit - 495µs
2016-02-24 20:00:14 -0800 | 200 | GET /stylesheets/application.css - 89µs
2016-02-24 20:00:14 -0800 | 200 | GET /javascripts/application.js - 86µs
2016-02-24 20:00:15 -0800 | 200 | GET /posts/1/edit - 581µs
2016-02-24 20:00:15 -0800 | 200 | GET /stylesheets/application.css - 97µs
2016-02-24 20:00:15 -0800 | 200 | GET /javascripts/application.js - 93µs
2016-02-24 20:00:36 -0800 | 200 | GET /posts/1/edit - 28.9ms
2016-02-24 20:00:36 -0800 | 200 | GET /stylesheets/application.css - 159µs
2016-02-24 20:00:36 -0800 | 200 | GET /javascripts/application.js - 69µs
2016-02-24 20:00:39 -0800 | 500 | POST /posts/1/update - 3.33ms
2016-02-24 20:00:48 -0800 | 500 | POST /posts/1/update - 369µs
2016-02-24 20:00:59 -0800 | 500 | POST /posts/1/update - 542µs
2016-02-24 20:02:11 -0800 | 500 | POST /posts/1/update - 3.87ms
2016-02-24 20:04:58 -0800 | 302 | POST /posts/1/update - 37.59ms
2016-02-24 20:04:58 -0800 | 200 | GET /posts/1 - 523µs
2016-02-24 20:04:58 -0800 | 200 | GET /stylesheets/application.css - 103µs
2016-02-24 20:04:58 -0800 | 200 | GET /javascripts/application.js - 81µs
2016-02-24 20:05:04 -0800 | 200 | GET /posts - 608µs
2016-02-24 20:05:04 -0800 | 200 | GET /stylesheets/application.css - 256µs
2016-02-24 20:05:04 -0800 | 200 | GET /javascripts/application.js - 74µs
2016-02-24 20:05:05 -0800 | 200 | GET /posts/1/edit - 530µs
2016-02-24 20:05:05 -0800 | 200 | GET /stylesheets/application.css - 151µs
2016-02-24 20:05:05 -0800 | 200 | GET /javascripts/application.js - 64µs
2016-02-24 20:05:13 -0800 | 302 | POST /posts/1/update - 2.61ms
2016-02-24 20:05:13 -0800 | 200 | GET /posts/1 - 484µs
2016-02-24 20:05:13 -0800 | 200 | GET /stylesheets/application.css - 177µs
2016-02-24 20:05:13 -0800 | 200 | GET /javascripts/application.js - 71µs
2016-02-24 20:05:15 -0800 | 200 | GET /posts - 509µs
2016-02-24 20:05:15 -0800 | 200 | GET /stylesheets/application.css - 122µs
2016-02-24 20:05:15 -0800 | 200 | GET /javascripts/application.js - 112µs
2016-02-24 20:05:18 -0800 | 500 | GET /posts/1/delete - 2.7ms
2016-02-24 20:06:03 -0800 | 302 | GET /posts/1/delete - 36.78ms
2016-02-24 20:06:03 -0800 | 200 | GET /posts - 399µs
2016-02-24 20:06:03 -0800 | 200 | GET /stylesheets/application.css - 132µs
2016-02-24 20:06:03 -0800 | 200 | GET /javascripts/application.js - 73µs
2016-02-24 20:06:06 -0800 | 200 | GET /posts/new - 143µs
2016-02-24 20:06:06 -0800 | 200 | GET /stylesheets/application.css - 107µs
2016-02-24 20:06:06 -0800 | 200 | GET /javascripts/application.js - 94µs
2016-02-24 20:06:18 -0800 | 302 | POST /posts/create - 2.39ms
2016-02-24 20:06:18 -0800 | 200 | GET /posts - 417µs
2016-02-24 20:06:19 -0800 | 200 | GET /stylesheets/application.css - 184µs
2016-02-24 20:06:19 -0800 | 200 | GET /javascripts/application.js - 79µs
2016-02-24 20:06:20 -0800 | 200 | GET /posts/2/edit - 569µs
2016-02-24 20:06:20 -0800 | 200 | GET /stylesheets/application.css - 135µs
2016-02-24 20:06:20 -0800 | 200 | GET /javascripts/application.js - 124µs
2016-02-24 20:06:26 -0800 | 302 | POST /posts/2/update - 2.46ms
2016-02-24 20:06:26 -0800 | 200 | GET /posts - 379µs
2016-02-24 20:06:26 -0800 | 200 | GET /stylesheets/application.css - 114µs
2016-02-24 20:06:26 -0800 | 200 | GET /javascripts/application.js - 84µs
2016-02-24 20:06:27 -0800 | 200 | GET /posts/2 - 540µs
2016-02-24 20:06:27 -0800 | 200 | GET /stylesheets/application.css - 122µs
2016-02-24 20:06:27 -0800 | 200 | GET /javascripts/application.js - 142µs
2016-02-24 20:06:29 -0800 | 200 | GET /posts - 503µs
2016-02-24 20:06:29 -0800 | 200 | GET /stylesheets/application.css - 162µs
2016-02-24 20:06:29 -0800 | 200 | GET /javascripts/application.js - 79µs
2016-02-24 20:06:31 -0800 | 200 | GET /posts/2/edit - 469µs
2016-02-24 20:06:31 -0800 | 200 | GET /stylesheets/application.css - 147µs
2016-02-24 20:06:31 -0800 | 200 | GET /javascripts/application.js - 80µs
2016-02-24 20:06:38 -0800 | 302 | POST /posts/2/update - 2.62ms
2016-02-24 20:06:38 -0800 | 200 | GET /posts - 468µs
2016-02-24 20:06:38 -0800 | 200 | GET /stylesheets/application.css - 160µs
2016-02-24 20:06:38 -0800 | 200 | GET /javascripts/application.js - 79µs
2016-02-24 20:06:40 -0800 | 200 | GET /posts/new - 134µs
2016-02-24 20:06:40 -0800 | 200 | GET /stylesheets/application.css - 129µs
2016-02-24 20:06:40 -0800 | 200 | GET /javascripts/application.js - 68µs
2016-02-24 20:07:28 -0800 | 302 | POST /posts/create - 2.46ms
2016-02-24 20:07:28 -0800 | 200 | GET /posts - 396µs
2016-02-24 20:07:28 -0800 | 200 | GET /stylesheets/application.css - 150µs
2016-02-24 20:07:28 -0800 | 200 | GET /javascripts/application.js - 93µs
2016-02-24 20:07:35 -0800 | 302 | GET /posts/3/delete - 853µs
2016-02-24 20:07:35 -0800 | 200 | GET /posts - 380µs
2016-02-24 20:07:35 -0800 | 200 | GET /stylesheets/application.css - 99µs
2016-02-24 20:07:35 -0800 | 200 | GET /javascripts/application.js - 72µs
2016-02-24 20:07:37 -0800 | 500 | GET /logout - 3.54ms
2016-02-24 20:15:08 -0800 | 200 | GET /posts - 25.88ms
2016-02-24 20:15:09 -0800 | 200 | GET /stylesheets/application.css - 264µs
2016-02-24 20:15:09 -0800 | 200 | GET /javascripts/application.js - 74µs
2016-02-24 20:15:11 -0800 | 500 | GET /login - 1.68ms
2016-02-24 20:16:25 -0800 | 500 | GET /login - 1.75ms
2016-02-24 20:16:29 -0800 | 200 | GET / - 27.96ms
2016-02-24 20:16:29 -0800 | 200 | GET /stylesheets/application.css - 175µs
2016-02-24 20:16:29 -0800 | 200 | GET /javascripts/application.js - 78µs
2016-02-24 20:16:30 -0800 | 200 | GET / - 454µs
2016-02-24 20:16:30 -0800 | 200 | GET / - 348µs
2016-02-24 20:16:30 -0800 | 200 | GET /stylesheets/application.css - 135µs
2016-02-24 20:16:30 -0800 | 200 | GET /javascripts/application.js - 103µs
2016-02-24 20:16:31 -0800 | 500 | GET /login - 368µs
2016-02-24 20:16:52 -0800 | 200 | GET /login - 580µs
2016-02-24 20:16:52 -0800 | 200 | GET /stylesheets/application.css - 75µs
2016-02-24 20:16:52 -0800 | 200 | GET /javascripts/application.js - 71µs
2016-02-24 20:17:06 -0800 | 302 | POST /session/create - 124µs
2016-02-24 20:17:06 -0800 | 200 | GET / - 24.88ms
2016-02-24 20:17:06 -0800 | 200 | GET /stylesheets/application.css - 126µs
2016-02-24 20:17:06 -0800 | 200 | GET /javascripts/application.js - 122µs
2016-02-24 20:17:19 -0800 | 200 | GET /login - 125µs
2016-02-24 20:17:19 -0800 | 200 | GET /stylesheets/application.css - 183µs
2016-02-24 20:17:19 -0800 | 200 | GET /javascripts/application.js - 119µs
2016-02-24 20:17:29 -0800 | 302 | POST /session/create - 156µs
2016-02-24 20:17:29 -0800 | 200 | GET / - 448µs
2016-02-24 20:17:29 -0800 | 200 | GET /stylesheets/application.css - 164µs
2016-02-24 20:17:29 -0800 | 200 | GET /javascripts/application.js - 66µs
2016-02-24 20:18:02 -0800 | 200 | GET /login - 127µs
2016-02-24 20:18:02 -0800 | 200 | GET /stylesheets/application.css - 162µs
2016-02-24 20:18:02 -0800 | 200 | GET /javascripts/application.js - 78µs
2016-02-24 20:18:16 -0800 | 302 | POST /session/create - 97µs
2016-02-24 20:18:16 -0800 | 200 | GET / - 394µs
2016-02-24 20:18:16 -0800 | 200 | GET /stylesheets/application.css - 151µs
2016-02-24 20:18:16 -0800 | 200 | GET /javascripts/application.js - 85µs
2016-02-24 20:20:14 -0800 | 200 | GET / - 27.8ms
2016-02-24 20:20:14 -0800 | 200 | GET /stylesheets/application.css - 163µs
2016-02-24 20:20:14 -0800 | 200 | GET /javascripts/application.js - 75µs
2016-02-24 20:20:26 -0800 | 200 | GET /login - 171µs
2016-02-24 20:20:26 -0800 | 200 | GET /stylesheets/application.css - 176µs
2016-02-24 20:20:26 -0800 | 200 | GET /javascripts/application.js - 115µs
2016-02-24 20:20:34 -0800 | 302 | POST /session/create - 285µs
2016-02-24 20:20:34 -0800 | 200 | GET / - 468µs
2016-02-24 20:20:34 -0800 | 200 | GET /stylesheets/application.css - 146µs
2016-02-24 20:20:34 -0800 | 200 | GET /javascripts/application.js - 124µs
2016-02-24 20:22:19 -0800 | 200 | GET / - 25.52ms
2016-02-24 20:22:19 -0800 | 200 | GET /stylesheets/application.css - 168µs
2016-02-24 20:22:19 -0800 | 200 | GET /javascripts/application.js - 76µs
2016-02-24 20:22:37 -0800 | 200 | GET /login - 205µs
2016-02-24 20:22:37 -0800 | 200 | GET /stylesheets/application.css - 170µs
2016-02-24 20:22:37 -0800 | 200 | GET /javascripts/application.js - 109µs
2016-02-24 20:22:47 -0800 | 302 | POST /session/create - 138µs
2016-02-24 20:22:47 -0800 | 200 | GET / - 428µs
2016-02-24 20:22:47 -0800 | 200 | GET /stylesheets/application.css - 175µs
2016-02-24 20:22:47 -0800 | 200 | GET /javascripts/application.js - 74µs
2016-02-24 20:25:50 -0800 | 200 | GET / - 28.39ms
2016-02-24 20:25:50 -0800 | 200 | GET /stylesheets/application.css - 167µs
2016-02-24 20:25:50 -0800 | 200 | GET /javascripts/application.js - 207µs
2016-02-24 20:25:55 -0800 | 200 | GET /login - 207µs
2016-02-24 20:25:55 -0800 | 200 | GET /stylesheets/application.css - 203µs
2016-02-24 20:25:55 -0800 | 200 | GET /javascripts/application.js - 93µs
2016-02-24 20:26:03 -0800 | 302 | POST /session/create - 165µs
2016-02-24 20:26:03 -0800 | 200 | GET / - 479µs
2016-02-24 20:26:03 -0800 | 200 | GET /stylesheets/application.css - 186µs
2016-02-24 20:26:03 -0800 | 200 | GET /javascripts/application.js - 89µs
2016-02-24 20:28:36 -0800 | 200 | GET / - 27.24ms
2016-02-24 20:28:36 -0800 | 200 | GET /stylesheets/application.css - 113µs
2016-02-24 20:28:36 -0800 | 200 | GET /javascripts/application.js - 144µs
2016-02-24 20:28:58 -0800 | 200 | GET /login - 193µs
2016-02-24 20:28:58 -0800 | 200 | GET /stylesheets/application.css - 156µs
2016-02-24 20:28:58 -0800 | 200 | GET /javascripts/application.js - 70µs
2016-02-24 20:29:04 -0800 | 302 | POST /session/create - 172µs
2016-02-24 20:29:04 -0800 | 200 | GET / - 414µs
2016-02-24 20:29:04 -0800 | 200 | GET /stylesheets/application.css - 191µs
2016-02-24 20:29:04 -0800 | 200 | GET /javascripts/application.js - 121µs
2016-02-24 20:30:19 -0800 | 200 | GET / - 27.13ms
2016-02-24 20:30:19 -0800 | 200 | GET /stylesheets/application.css - 123µs
2016-02-24 20:30:19 -0800 | 200 | GET /javascripts/application.js - 67µs
2016-02-24 20:30:27 -0800 | 200 | GET /login - 207µs
2016-02-24 20:30:27 -0800 | 200 | GET /stylesheets/application.css - 167µs
2016-02-24 20:30:27 -0800 | 200 | GET /javascripts/application.js - 103µs
2016-02-24 20:30:32 -0800 | 302 | POST /session/create - 146µs
2016-02-24 20:30:32 -0800 | 200 | GET / - 411µs
2016-02-24 20:30:32 -0800 | 200 | GET /stylesheets/application.css - 195µs
2016-02-24 20:30:32 -0800 | 200 | GET /javascripts/application.js - 74µs
2016-02-24 20:33:02 -0800 | 200 | GET / - 28.47ms
2016-02-24 20:33:02 -0800 | 200 | GET /stylesheets/application.css - 224µs
2016-02-24 20:33:02 -0800 | 200 | GET /javascripts/application.js - 211µs
2016-02-24 20:33:07 -0800 | 200 | GET /login - 204µs
2016-02-24 20:33:07 -0800 | 200 | GET /stylesheets/application.css - 130µs
2016-02-24 20:33:07 -0800 | 200 | GET /javascripts/application.js - 58µs
2016-02-24 20:33:11 -0800 | 302 | POST /session/create - 149µs
2016-02-24 20:33:11 -0800 | 200 | GET / - 418µs
2016-02-24 20:33:11 -0800 | 200 | GET /stylesheets/application.css - 140µs
2016-02-24 20:33:11 -0800 | 200 | GET /javascripts/application.js - 72µs
2016-02-24 20:38:29 -0800 | 200 | GET / - 29.6ms
2016-02-24 20:38:29 -0800 | 200 | GET /stylesheets/application.css - 182µs
2016-02-24 20:38:29 -0800 | 200 | GET /javascripts/application.js - 94µs
2016-02-24 20:38:50 -0800 | 200 | GET / - 588µs
2016-02-24 20:38:50 -0800 | 200 | GET /stylesheets/application.css - 89µs
2016-02-24 20:38:50 -0800 | 200 | GET /javascripts/application.js - 98µs
2016-02-24 20:39:55 -0800 | 200 | GET / - 31.39ms
2016-02-24 20:39:55 -0800 | 200 | GET /stylesheets/application.css - 147µs
2016-02-24 20:39:55 -0800 | 200 | GET /javascripts/application.js - 81µs
2016-02-24 20:40:03 -0800 | 200 | GET / - 544µs
2016-02-24 20:40:03 -0800 | 200 | GET /stylesheets/application.css - 150µs
2016-02-24 20:40:03 -0800 | 200 | GET /javascripts/application.js - 92µs
2016-02-24 20:40:07 -0800 | 200 | GET /login - 181µs
2016-02-24 20:40:07 -0800 | 200 | GET /stylesheets/application.css - 142µs
2016-02-24 20:40:07 -0800 | 200 | GET /javascripts/application.js - 111µs
2016-02-24 20:40:11 -0800 | 302 | POST /session/create - 121µs
2016-02-24 20:40:11 -0800 | 200 | GET / - 394µs
2016-02-24 20:40:11 -0800 | 200 | GET /stylesheets/application.css - 170µs
2016-02-24 20:40:11 -0800 | 200 | GET /javascripts/application.js - 84µs
2016-02-24 20:44:16 -0800 | 200 | GET / - 25.08ms
2016-02-24 20:44:16 -0800 | 200 | GET /stylesheets/application.css - 112µs
2016-02-24 20:44:16 -0800 | 200 | GET /javascripts/application.js - 88µs
2016-02-24 20:44:19 -0800 | 200 | GET / - 525µs
2016-02-24 20:44:19 -0800 | 200 | GET /stylesheets/application.css - 197µs
2016-02-24 20:44:19 -0800 | 200 | GET /javascripts/application.js - 80µs
2016-02-24 20:44:20 -0800 | 200 | GET / - 521µs
2016-02-24 20:44:20 -0800 | 200 | GET /stylesheets/application.css - 158µs
2016-02-24 20:44:20 -0800 | 200 | GET /javascripts/application.js - 61µs
2016-02-24 20:44:22 -0800 | 200 | GET /login - 147µs
2016-02-24 20:44:22 -0800 | 200 | GET /stylesheets/application.css - 160µs
2016-02-24 20:44:22 -0800 | 200 | GET /javascripts/application.js - 115µs
2016-02-24 20:44:27 -0800 | 302 | POST /session/create - 97µs
2016-02-24 20:44:27 -0800 | 200 | GET / - 411µs
2016-02-24 20:44:27 -0800 | 200 | GET /stylesheets/application.css - 112µs
2016-02-24 20:44:27 -0800 | 200 | GET /javascripts/application.js - 68µs
2016-02-24 20:45:20 -0800 | 200 | GET / - 630µs
2016-02-24 20:45:20 -0800 | 200 | GET /stylesheets/application.css - 122µs
2016-02-24 20:45:20 -0800 | 200 | GET /javascripts/application.js - 86µs
2016-02-24 20:48:52 -0800 | 200 | GET / - 27.99ms
2016-02-24 20:48:52 -0800 | 200 | GET /stylesheets/application.css - 194µs
2016-02-24 20:48:52 -0800 | 200 | GET /javascripts/application.js - 101µs
2016-02-24 20:49:08 -0800 | 200 | GET / - 2.42ms
2016-02-24 20:49:08 -0800 | 200 | GET /stylesheets/application.css - 107µs
2016-02-24 20:49:08 -0800 | 200 | GET /javascripts/application.js - 90µs
2016-02-24 20:49:11 -0800 | 200 | GET / - 561µs
2016-02-24 20:49:11 -0800 | 200 | GET /stylesheets/application.css - 186µs
2016-02-24 20:49:11 -0800 | 200 | GET /javascripts/application.js - 82µs
2016-02-24 20:49:16 -0800 | 200 | GET /login - 150µs
2016-02-24 20:49:16 -0800 | 200 | GET /stylesheets/application.css - 259µs
2016-02-24 20:49:16 -0800 | 200 | GET /javascripts/application.js - 141µs
2016-02-24 20:49:20 -0800 | 302 | POST /session/create - 122µs
2016-02-24 20:49:20 -0800 | 200 | GET / - 524µs
2016-02-24 20:49:20 -0800 | 200 | GET /stylesheets/application.css - 216µs
2016-02-24 20:49:20 -0800 | 200 | GET /javascripts/application.js - 130µs
2016-02-24 20:49:25 -0800 | 200 | GET / - 608µs
2016-02-24 20:49:25 -0800 | 200 | GET /stylesheets/application.css - 206µs
2016-02-24 20:49:25 -0800 | 200 | GET /javascripts/application.js - 161µs
2016-02-24 20:49:36 -0800 | 302 | GET /logout - 174µs
2016-02-24 20:49:36 -0800 | 200 | GET / - 447µs
2016-02-24 20:49:36 -0800 | 200 | GET /stylesheets/application.css - 160µs
2016-02-24 20:49:36 -0800 | 200 | GET /javascripts/application.js - 1.08ms
2016-02-24 20:49:39 -0800 | 200 | GET /login - 143µs
2016-02-24 20:49:39 -0800 | 200 | GET /stylesheets/application.css - 179µs
2016-02-24 20:49:39 -0800 | 200 | GET /javascripts/application.js - 84µs
2016-02-24 20:49:45 -0800 | 302 | POST /session/create - 122µs
2016-02-24 20:49:45 -0800 | 200 | GET / - 413µs
2016-02-24 20:49:45 -0800 | 200 | GET /stylesheets/application.css - 238µs
2016-02-24 20:49:45 -0800 | 200 | GET /javascripts/application.js - 96µs
2016-02-24 20:50:39 -0800 | 200 | GET / - 587µs
2016-02-24 20:50:39 -0800 | 200 | GET /stylesheets/application.css - 89µs
2016-02-24 20:50:39 -0800 | 200 | GET /javascripts/application.js - 89µs
2016-02-24 20:51:32 -0800 | 200 | GET / - 25.22ms
2016-02-24 20:51:32 -0800 | 200 | GET /stylesheets/application.css - 369µs
2016-02-24 20:51:32 -0800 | 200 | GET /javascripts/application.js - 112µs
2016-02-24 20:51:34 -0800 | 302 | GET /logout - 178µs
2016-02-24 20:51:34 -0800 | 200 | GET / - 454µs
2016-02-24 20:51:34 -0800 | 200 | GET /stylesheets/application.css - 150µs
2016-02-24 20:51:34 -0800 | 200 | GET /javascripts/application.js - 94µs
2016-02-24 20:51:36 -0800 | 200 | GET /login - 132µs
2016-02-24 20:51:36 -0800 | 200 | GET /stylesheets/application.css - 165µs
2016-02-24 20:51:36 -0800 | 200 | GET /javascripts/application.js - 144µs
2016-02-24 20:51:40 -0800 | 302 | POST /session/create - 126µs
2016-02-24 20:51:40 -0800 | 200 | GET / - 425µs
2016-02-24 20:51:40 -0800 | 200 | GET /stylesheets/application.css - 170µs
2016-02-24 20:51:40 -0800 | 200 | GET /javascripts/application.js - 117µs
2016-02-24 20:51:43 -0800 | 302 | GET /logout - 124µs
2016-02-24 20:51:43 -0800 | 200 | GET / - 427µs
2016-02-24 20:51:43 -0800 | 200 | GET /stylesheets/application.css - 121µs
2016-02-24 20:51:43 -0800 | 200 | GET /javascripts/application.js - 59µs
2016-02-24 20:56:03 -0800 | 200 | GET / - 28.47ms
2016-02-24 20:56:03 -0800 | 200 | GET /stylesheets/application.css - 204µs
2016-02-24 20:56:03 -0800 | 200 | GET /javascripts/application.js - 79µs
2016-02-24 20:56:05 -0800 | 200 | GET /login - 143µs
2016-02-24 20:56:05 -0800 | 200 | GET /stylesheets/application.css - 157µs
2016-02-24 20:56:05 -0800 | 200 | GET /javascripts/application.js - 144µs
2016-02-24 20:56:09 -0800 | 302 | POST /session/create - 110µs
2016-02-24 20:56:09 -0800 | 200 | GET / - 420µs
2016-02-24 20:56:09 -0800 | 200 | GET /stylesheets/application.css - 161µs
2016-02-24 20:56:09 -0800 | 200 | GET /javascripts/application.js - 83µs
2016-02-24 20:56:16 -0800 | 200 | GET /posts/2/edit - 534µs
2016-02-24 20:56:16 -0800 | 200 | GET /stylesheets/application.css - 136µs
2016-02-24 20:56:16 -0800 | 200 | GET /javascripts/application.js - 114µs
2016-02-24 20:56:17 -0800 | 302 | POST /posts/2/update - 2.77ms
2016-02-24 20:56:17 -0800 | 200 | GET / - 420µs
2016-02-24 20:56:17 -0800 | 200 | GET /stylesheets/application.css - 134µs
2016-02-24 20:56:17 -0800 | 200 | GET /javascripts/application.js - 100µs
2016-02-24 20:56:20 -0800 | 302 | GET /posts/2/delete - 2.43ms
2016-02-24 20:56:20 -0800 | 200 | GET / - 418µs
2016-02-24 20:56:20 -0800 | 200 | GET /stylesheets/application.css - 154µs
2016-02-24 20:56:20 -0800 | 200 | GET /javascripts/application.js - 115µs
2016-02-24 20:56:22 -0800 | 200 | GET /posts/new - 817µs
2016-02-24 20:56:22 -0800 | 200 | GET /stylesheets/application.css - 149µs
2016-02-24 20:56:22 -0800 | 200 | GET /javascripts/application.js - 68µs
2016-02-24 20:57:00 -0800 | 302 | POST /posts/create - 2.3ms
2016-02-24 20:57:00 -0800 | 200 | GET / - 371µs
2016-02-24 20:57:00 -0800 | 200 | GET /stylesheets/application.css - 145µs
2016-02-24 20:57:00 -0800 | 200 | GET /javascripts/application.js - 75µs
2016-02-24 20:57:04 -0800 | 302 | GET /logout - 133µs
2016-02-24 20:57:04 -0800 | 200 | GET / - 422µs
2016-02-24 20:57:04 -0800 | 200 | GET /stylesheets/application.css - 110µs
2016-02-24 20:57:04 -0800 | 200 | GET /javascripts/application.js - 114µs
2016-02-24 20:57:08 -0800 | 200 | GET /posts/4 - 505µs
2016-02-24 20:57:08 -0800 | 200 | GET /stylesheets/application.css - 124µs
2016-02-24 20:57:08 -0800 | 200 | GET /javascripts/application.js - 73µs
2016-02-24 20:57:10 -0800 | 200 | GET /posts - 493µs
2016-02-24 20:57:10 -0800 | 200 | GET /stylesheets/application.css - 133µs
2016-02-24 20:57:10 -0800 | 200 | GET /javascripts/application.js - 76µs
2016-02-24 20:57:13 -0800 | 200 | GET / - 498µs
2016-02-24 20:57:13 -0800 | 200 | GET /stylesheets/application.css - 150µs
2016-02-24 20:57:13 -0800 | 200 | GET /javascripts/application.js - 102µs
2016-02-25 08:34:20 -0800 | 200 | GET / - 28.05ms
2016-02-25 08:34:20 -0800 | 200 | GET /stylesheets/application.css - 568µs
2016-02-25 08:34:20 -0800 | 200 | GET /javascripts/application.js - 81µs
2016-02-25 08:34:22 -0800 | 200 | GET /login - 155µs
2016-02-25 08:34:22 -0800 | 200 | GET /stylesheets/application.css - 193µs
2016-02-25 08:34:22 -0800 | 200 | GET /javascripts/application.js - 88µs
2016-02-25 08:34:27 -0800 | 302 | POST /session/create - 89µs
2016-02-25 08:34:27 -0800 | 200 | GET / - 412µs
2016-02-25 08:34:27 -0800 | 200 | GET /stylesheets/application.css - 140µs
2016-02-25 08:34:27 -0800 | 200 | GET /javascripts/application.js - 84µs
2016-02-25 08:34:30 -0800 | 302 | GET /logout - 142µs
2016-02-25 08:34:30 -0800 | 200 | GET / - 431µs
2016-02-25 08:34:30 -0800 | 200 | GET /stylesheets/application.css - 96µs
2016-02-25 08:34:30 -0800 | 200 | GET /javascripts/application.js - 97µs
2016-02-25 08:34:31 -0800 | 200 | GET /login - 125µs
2016-02-25 08:34:31 -0800 | 200 | GET /stylesheets/application.css - 132µs
2016-02-25 08:34:31 -0800 | 200 | GET /javascripts/application.js - 131µs
2016-02-25 08:34:36 -0800 | 302 | POST /session/create - 97µs
2016-02-25 08:34:36 -0800 | 200 | GET / - 406µs
2016-02-25 08:34:36 -0800 | 200 | GET /stylesheets/application.css - 429µs
2016-02-25 08:34:36 -0800 | 200 | GET /javascripts/application.js - 88µs
2016-02-25 08:34:38 -0800 | 200 | GET /posts/4/edit - 603µs
2016-02-25 08:34:38 -0800 | 200 | GET /stylesheets/application.css - 121µs
2016-02-25 08:34:38 -0800 | 200 | GET /javascripts/application.js - 82µs
2016-02-25 08:34:39 -0800 | 200 | GET /posts - 1.32ms
2016-02-25 08:34:39 -0800 | 200 | GET /stylesheets/application.css - 90µs
2016-02-25 08:34:39 -0800 | 200 | GET /javascripts/application.js - 116µs
2016-02-25 08:34:40 -0800 | 200 | GET /posts/4 - 570µs
2016-02-25 08:34:40 -0800 | 200 | GET /stylesheets/application.css - 114µs
2016-02-25 08:34:40 -0800 | 200 | GET /javascripts/application.js - 73µs
2016-02-25 08:34:41 -0800 | 200 | GET /posts - 532µs
2016-02-25 08:34:41 -0800 | 200 | GET /stylesheets/application.css - 113µs
2016-02-25 08:34:41 -0800 | 200 | GET /javascripts/application.js - 66µs
2016-02-25 08:36:33 -0800 | 200 | GET /posts - 27.81ms
2016-02-25 08:36:33 -0800 | 200 | GET /stylesheets/application.css - 77µs
2016-02-25 08:36:33 -0800 | 200 | GET /javascripts/application.js - 64µs
2016-02-25 08:36:35 -0800 | 302 | GET /logout - 148µs
2016-02-25 08:36:35 -0800 | 200 | GET / - 433µs
2016-02-25 08:36:35 -0800 | 200 | GET /stylesheets/application.css - 137µs
2016-02-25 08:36:35 -0800 | 200 | GET /javascripts/application.js - 75µs
2016-02-25 08:36:37 -0800 | 200 | GET /login - 147µs
2016-02-25 08:36:37 -0800 | 200 | GET /stylesheets/application.css - 179µs
2016-02-25 08:36:37 -0800 | 200 | GET /javascripts/application.js - 94µs
2016-02-25 08:36:41 -0800 | 302 | POST /session/create - 149µs
2016-02-25 08:36:41 -0800 | 200 | GET / - 455µs
2016-02-25 08:36:41 -0800 | 200 | GET /stylesheets/application.css - 152µs
2016-02-25 08:36:41 -0800 | 200 | GET /javascripts/application.js - 127µs
2016-02-25 08:36:43 -0800 | 200 | GET /posts/4/edit - 533µs
2016-02-25 08:36:43 -0800 | 200 | GET /stylesheets/application.css - 153µs
2016-02-25 08:36:43 -0800 | 200 | GET /javascripts/application.js - 58µs
2016-02-25 08:36:53 -0800 | 302 | POST /posts/4/update - 2.69ms
2016-02-25 08:36:53 -0800 | 200 | GET / - 378µs
2016-02-25 08:36:53 -0800 | 200 | GET /stylesheets/application.css - 96µs
2016-02-25 08:36:53 -0800 | 200 | GET /javascripts/application.js - 122µs
2016-02-25 08:36:56 -0800 | 302 | GET /logout - 125µs
2016-02-25 08:36:56 -0800 | 200 | GET / - 1.16ms
2016-02-25 08:36:56 -0800 | 200 | GET /stylesheets/application.css - 123µs
2016-02-25 08:36:56 -0800 | 200 | GET /javascripts/application.js - 92µs
2016-02-25 08:36:58 -0800 | 200 | GET /login - 126µs
2016-02-25 08:36:58 -0800 | 200 | GET /stylesheets/application.css - 181µs
2016-02-25 08:36:58 -0800 | 200 | GET /javascripts/application.js - 82µs
2016-02-25 08:37:02 -0800 | 302 | POST /session/create - 71µs
2016-02-25 08:37:02 -0800 | 200 | GET / - 381µs
2016-02-25 08:37:02 -0800 | 200 | GET /stylesheets/application.css - 137µs
2016-02-25 08:37:02 -0800 | 200 | GET /javascripts/application.js - 77µs
2016-02-25 08:54:40 -0800 | 200 | GET / - 29.99ms
2016-02-25 08:54:40 -0800 | 200 | GET /stylesheets/application.css - 189µs
2016-02-25 08:54:40 -0800 | 200 | GET /javascripts/application.js - 83µs
2016-02-25 08:54:42 -0800 | 200 | GET /posts/new - 184µs
2016-02-25 08:54:42 -0800 | 200 | GET /stylesheets/application.css - 179µs
2016-02-25 08:54:42 -0800 | 200 | GET /javascripts/application.js - 90µs
2016-02-25 08:54:44 -0800 | 302 | GET /logout - 148µs
2016-02-25 08:54:44 -0800 | 200 | GET / - 436µs
2016-02-25 08:54:44 -0800 | 200 | GET /stylesheets/application.css - 202µs
2016-02-25 08:54:44 -0800 | 200 | GET /javascripts/application.js - 81µs
2016-02-25 08:54:45 -0800 | 200 | GET /login - 132µs
2016-02-25 08:54:45 -0800 | 200 | GET /stylesheets/application.css - 208µs
2016-02-25 08:54:45 -0800 | 200 | GET /javascripts/application.js - 97µs
2016-02-25 08:54:49 -0800 | 302 | POST /session/create - 122µs
2016-02-25 08:54:49 -0800 | 200 | GET / - 405µs
2016-02-25 08:54:49 -0800 | 200 | GET /stylesheets/application.css - 162µs
2016-02-25 08:54:49 -0800 | 200 | GET /javascripts/application.js - 97µs
2016-02-25 08:54:51 -0800 | 200 | GET /posts/new - 150µs
2016-02-25 08:54:51 -0800 | 200 | GET /stylesheets/application.css - 218µs
2016-02-25 08:54:51 -0800 | 200 | GET /javascripts/application.js - 109µs
2016-02-25 08:55:00 -0800 | 302 | POST /posts/create - 2.31ms
2016-02-25 08:55:00 -0800 | 200 | GET / - 386µs
2016-02-25 08:55:00 -0800 | 200 | GET /stylesheets/application.css - 111µs
2016-02-25 08:55:00 -0800 | 200 | GET /javascripts/application.js - 1.04ms
2016-02-25 09:03:07 -0800 | 200 | GET / - 29.7ms
2016-02-25 09:03:07 -0800 | 200 | GET /stylesheets/application.css - 98µs
2016-02-25 09:03:07 -0800 | 200 | GET /javascripts/application.js - 72µs
2016-02-25 09:03:09 -0800 | 302 | GET /logout - 135µs
2016-02-25 09:03:09 -0800 | 200 | GET / - 471µs
2016-02-25 09:03:09 -0800 | 200 | GET /stylesheets/application.css - 149µs
2016-02-25 09:03:09 -0800 | 200 | GET /javascripts/application.js - 110µs
2016-02-25 09:03:11 -0800 | 200 | GET /login - 134µs
2016-02-25 09:03:11 -0800 | 200 | GET /stylesheets/application.css - 148µs
2016-02-25 09:03:11 -0800 | 200 | GET /javascripts/application.js - 88µs
2016-02-25 09:03:15 -0800 | 302 | POST /session/create - 86µs
2016-02-25 09:03:15 -0800 | 200 | GET / - 443µs
2016-02-25 09:03:15 -0800 | 200 | GET /stylesheets/application.css - 149µs
2016-02-25 09:03:15 -0800 | 200 | GET /javascripts/application.js - 131µs
2016-02-25 09:03:19 -0800 | 302 | GET /posts/5/delete - 6.42ms
2016-02-25 09:03:19 -0800 | 200 | GET / - 408µs
2016-02-25 09:03:19 -0800 | 200 | GET /stylesheets/application.css - 177µs
2016-02-25 09:03:19 -0800 | 200 | GET /javascripts/application.js - 113µs
2016-02-25 10:02:21 -0800 | 500 | GET / - 1.98ms
2016-02-25 10:08:52 -0800 | 500 | GET / - 2.07ms
2016-02-25 10:08:55 -0800 | 500 | GET / - 347µs
2016-02-25 10:08:56 -0800 | 500 | GET / - 331µs
2016-02-25 10:08:56 -0800 | 500 | GET / - 350µs
2016-02-25 10:08:56 -0800 | 500 | GET / - 313µs
2016-02-25 10:10:18 -0800 | 200 | GET / - 28.7ms
2016-02-25 10:10:18 -0800 | 200 | GET /stylesheets/application.css - 96µs
2016-02-25 10:10:18 -0800 | 200 | GET /javascripts/application.js - 86µs
2016-02-25 10:10:40 -0800 | 500 | GET /login - 280µs
2016-02-25 10:11:27 -0800 | 200 | GET / - 521µs
2016-02-25 10:11:27 -0800 | 200 | GET /stylesheets/application.css - 129µs
2016-02-25 10:11:27 -0800 | 200 | GET /javascripts/application.js - 71µs
2016-02-25 10:20:25 -0800 | 200 | GET / - 25.84ms
2016-02-25 10:20:25 -0800 | 200 | GET /stylesheets/application.css - 153µs
2016-02-25 10:20:25 -0800 | 200 | GET /javascripts/application.js - 138µs
2016-02-25 10:20:52 -0800 | 500 | GET / - 3.39ms
2016-02-25 10:44:30 -0800 | 500 | GET / - 31.64ms
2016-02-25 10:44:33 -0800 | 500 | GET / - 881µs
2016-02-25 10:44:39 -0800 | 500 | GET / - 805µs
2016-02-25 10:45:15 -0800 | 200 | GET / - 26.06ms
2016-02-25 10:45:15 -0800 | 200 | GET /stylesheets/application.css - 226µs
2016-02-25 10:45:15 -0800 | 200 | GET /javascripts/application.js - 135µs
2016-02-25 10:45:35 -0800 | 500 | GET /login - 3.73ms
2016-02-25 10:46:45 -0800 | 500 | GET /login - 1.88ms
2016-02-25 10:46:51 -0800 | 200 | GET /login - 171µs
2016-02-25 10:46:51 -0800 | 200 | GET /login - 140µs
2016-02-25 10:46:51 -0800 | 200 | GET /stylesheets/application.css - 162µs
2016-02-25 10:46:51 -0800 | 200 | GET /javascripts/application.js - 93µs
2016-02-25 10:46:57 -0800 | 500 | POST /session/create - 213µs
2016-02-25 10:47:02 -0800 | 500 | POST /session/create - 296µs
2016-02-25 10:47:45 -0800 | 302 | POST /session/create - 455µs
2016-02-25 10:47:45 -0800 | 500 | GET / - 3.37ms
2016-02-25 10:47:51 -0800 | 500 | GET / - 431µs
2016-02-25 10:49:34 -0800 | 500 | GET / - 30.68ms
2016-02-25 10:51:15 -0800 | 200 | GET / - 26.51ms
2016-02-25 10:51:15 -0800 | 200 | GET /stylesheets/application.css - 167µs
2016-02-25 10:51:15 -0800 | 200 | GET /javascripts/application.js - 143µs
2016-02-25 10:51:22 -0800 | 200 | GET / - 532µs
2016-02-25 10:51:22 -0800 | 200 | GET /stylesheets/application.css - 117µs
2016-02-25 10:51:22 -0800 | 200 | GET /javascripts/application.js - 106µs
2016-02-25 10:51:27 -0800 | 200 | GET / - 513µs
2016-02-25 10:51:27 -0800 | 200 | GET /stylesheets/application.css - 196µs
2016-02-25 10:51:27 -0800 | 200 | GET /javascripts/application.js - 97µs
2016-02-25 10:51:34 -0800 | 200 | GET /login - 147µs
2016-02-25 10:51:34 -0800 | 200 | GET /stylesheets/application.css - 324µs
2016-02-25 10:51:34 -0800 | 200 | GET /javascripts/application.js - 190µs
2016-02-25 10:51:38 -0800 | 500 | GET /login - 4.12ms
2016-02-25 11:02:15 -0800 | 500 | GET /login - 1.57ms
2016-02-25 11:02:19 -0800 | 200 | GET /login - 139µs
2016-02-25 11:02:19 -0800 | 200 | GET /login - 100µs
2016-02-25 11:02:19 -0800 | 200 | GET /stylesheets/application.css - 178µs
2016-02-25 11:02:19 -0800 | 200 | GET /javascripts/application.js - 78µs
2016-02-25 11:02:23 -0800 | 302 | POST /session/create - 2.12ms
2016-02-25 11:02:23 -0800 | 200 | GET / - 23.88ms
2016-02-25 11:02:23 -0800 | 200 | GET /stylesheets/application.css - 232µs
2016-02-25 11:02:23 -0800 | 200 | GET /javascripts/application.js - 142µs
2016-02-25 11:06:57 -0800 | 200 | GET / - 32.06ms
2016-02-25 11:06:57 -0800 | 200 | GET /stylesheets/application.css - 488µs
2016-02-25 11:06:57 -0800 | 200 | GET /javascripts/application.js - 138µs
2016-02-25 11:07:06 -0800 | 200 | GET /login - 227µs
2016-02-25 11:07:06 -0800 | 200 | GET /stylesheets/application.css - 131µs
2016-02-25 11:07:06 -0800 | 200 | GET /javascripts/application.js - 146µs
2016-02-25 11:07:12 -0800 | 302 | POST /session/create - 141µs
2016-02-25 11:07:12 -0800 | 200 | GET / - 445µs
2016-02-25 11:07:12 -0800 | 200 | GET /stylesheets/application.css - 275µs
2016-02-25 11:07:12 -0800 | 200 | GET /javascripts/application.js - 115µs
2016-02-25 11:07:17 -0800 | 302 | GET /logout - 189µs
2016-02-25 11:07:17 -0800 | 200 | GET / - 476µs
2016-02-25 11:07:17 -0800 | 200 | GET /stylesheets/application.css - 172µs
2016-02-25 11:07:17 -0800 | 200 | GET /javascripts/application.js - 153µs
2016-02-25 11:07:20 -0800 | 200 | GET /login - 153µs
2016-02-25 11:07:20 -0800 | 200 | GET /stylesheets/application.css - 157µs
2016-02-25 11:07:20 -0800 | 200 | GET /javascripts/application.js - 93µs
2016-02-25 11:07:25 -0800 | 302 | POST /session/create - 135µs
2016-02-25 11:07:25 -0800 | 200 | GET / - 416µs
2016-02-25 11:07:25 -0800 | 200 | GET /stylesheets/application.css - 161µs
2016-02-25 11:07:25 -0800 | 200 | GET /javascripts/application.js - 125µs
2016-02-25 11:08:15 -0800 | 200 | GET / - 25.34ms
2016-02-25 11:08:15 -0800 | 200 | GET /stylesheets/application.css - 281µs
2016-02-25 11:08:15 -0800 | 200 | GET /javascripts/application.js - 84µs
2016-02-25 11:08:19 -0800 | 200 | GET /login - 191µs
2016-02-25 11:08:19 -0800 | 200 | GET /stylesheets/application.css - 180µs
2016-02-25 11:08:19 -0800 | 200 | GET /javascripts/application.js - 63µs
2016-02-25 11:08:23 -0800 | 302 | POST /session/create - 131µs
2016-02-25 11:08:23 -0800 | 200 | GET / - 442µs
2016-02-25 11:08:23 -0800 | 200 | GET /stylesheets/application.css - 132µs
2016-02-25 11:08:23 -0800 | 200 | GET /javascripts/application.js - 84µs
2016-02-25 11:08:30 -0800 | 302 | GET /logout - 176µs
2016-02-25 11:08:30 -0800 | 200 | GET / - 500µs
2016-02-25 11:08:30 -0800 | 200 | GET /stylesheets/application.css - 117µs
2016-02-25 11:08:30 -0800 | 200 | GET /javascripts/application.js - 113µs
2016-02-25 11:09:27 -0800 | 200 | GET / - 27.1ms
2016-02-25 11:09:27 -0800 | 200 | GET /stylesheets/application.css - 75µs
2016-02-25 11:09:27 -0800 | 200 | GET /javascripts/application.js - 87µs
2016-02-25 11:09:28 -0800 | 200 | GET /login - 186µs
2016-02-25 11:09:28 -0800 | 200 | GET /stylesheets/application.css - 144µs
2016-02-25 11:09:28 -0800 | 200 | GET /javascripts/application.js - 157µs
2016-02-25 11:09:33 -0800 | 302 | POST /session/create - 148µs
2016-02-25 11:09:33 -0800 | 200 | GET / - 500µs
2016-02-25 11:09:33 -0800 | 200 | GET /stylesheets/application.css - 225µs
2016-02-25 11:09:33 -0800 | 200 | GET /javascripts/application.js - 93µs
2016-02-25 11:09:35 -0800 | 200 | GET / - 615µs
2016-02-25 11:09:35 -0800 | 200 | GET /stylesheets/application.css - 90µs
2016-02-25 11:09:35 -0800 | 200 | GET /javascripts/application.js - 98µs
2016-02-25 11:09:36 -0800 | 200 | GET / - 649µs
2016-02-25 11:09:36 -0800 | 200 | GET /stylesheets/application.css - 92µs
2016-02-25 11:09:36 -0800 | 200 | GET /javascripts/application.js - 88µs
2016-02-25 11:09:38 -0800 | 302 | GET /logout - 192µs
2016-02-25 11:09:38 -0800 | 200 | GET / - 484µs
2016-02-25 11:09:38 -0800 | 200 | GET /stylesheets/application.css - 144µs
2016-02-25 11:09:38 -0800 | 200 | GET /javascripts/application.js - 93µs
2016-02-25 11:09:40 -0800 | 200 | GET / - 576µs
2016-02-25 11:09:40 -0800 | 200 | GET /stylesheets/application.css - 87µs
2016-02-25 11:09:40 -0800 | 200 | GET /javascripts/application.js - 876µs
2016-02-25 11:09:41 -0800 | 200 | GET / - 569µs
2016-02-25 11:09:41 -0800 | 200 | GET /stylesheets/application.css - 90µs
2016-02-25 11:09:41 -0800 | 200 | GET /javascripts/application.js - 94µs
2016-02-25 11:09:41 -0800 | 200 | GET / - 546µs
2016-02-25 11:09:42 -0800 | 200 | GET /stylesheets/application.css - 90µs
2016-02-25 11:09:42 -0800 | 200 | GET /javascripts/application.js - 90µs
2016-02-25 11:09:42 -0800 | 200 | GET / - 639µs
2016-02-25 11:09:42 -0800 | 200 | GET /stylesheets/application.css - 87µs
2016-02-25 11:09:42 -0800 | 200 | GET /javascripts/application.js - 164µs
2016-02-25 11:09:49 -0800 | 200 | GET /login - 160µs
2016-02-25 11:09:49 -0800 | 200 | GET /stylesheets/application.css - 130µs
2016-02-25 11:09:49 -0800 | 200 | GET /javascripts/application.js - 76µs
2016-02-25 11:09:54 -0800 | 302 | POST /session/create - 370µs
2016-02-25 11:09:54 -0800 | 200 | GET / - 516µs
2016-02-25 11:09:54 -0800 | 200 | GET /stylesheets/application.css - 165µs
2016-02-25 11:09:54 -0800 | 200 | GET /javascripts/application.js - 93µs
2016-02-25 11:09:57 -0800 | 200 | GET / - 599µs
2016-02-25 11:09:57 -0800 | 200 | GET /stylesheets/application.css - 210µs
2016-02-25 11:09:57 -0800 | 200 | GET /javascripts/application.js - 85µs
2016-02-25 11:26:02 -0800 | 200 | GET / - 26.16ms
2016-02-25 11:26:02 -0800 | 200 | GET /stylesheets/application.css - 112µs
2016-02-25 11:26:02 -0800 | 200 | GET /javascripts/application.js - 89µs
2016-02-25 11:26:04 -0800 | 200 | GET / - 613µs
2016-02-25 11:26:04 -0800 | 200 | GET /stylesheets/application.css - 151µs
2016-02-25 11:26:04 -0800 | 200 | GET /javascripts/application.js - 85µs
2016-02-25 11:26:05 -0800 | 302 | GET /logout - 188µs
2016-02-25 11:26:05 -0800 | 200 | GET / - 542µs
2016-02-25 11:26:05 -0800 | 200 | GET /stylesheets/application.css - 124µs
2016-02-25 11:26:05 -0800 | 200 | GET /javascripts/application.js - 114µs
2016-02-25 11:26:07 -0800 | 200 | GET / - 569µs
2016-02-25 11:26:07 -0800 | 200 | GET /stylesheets/application.css - 112µs
2016-02-25 11:26:07 -0800 | 200 | GET /javascripts/application.js - 81µs
2016-02-25 11:26:08 -0800 | 200 | GET /login - 194µs
2016-02-25 11:26:08 -0800 | 200 | GET /stylesheets/application.css - 109µs
2016-02-25 11:26:08 -0800 | 200 | GET /javascripts/application.js - 119µs
2016-02-25 11:26:12 -0800 | 302 | POST /session/create - 164µs
2016-02-25 11:26:12 -0800 | 200 | GET / - 428µs
2016-02-25 11:26:12 -0800 | 200 | GET /stylesheets/application.css - 137µs
2016-02-25 11:26:12 -0800 | 200 | GET /javascripts/application.js - 100µs
2016-02-25 11:26:14 -0800 | 200 | GET / - 596µs
2016-02-25 11:26:14 -0800 | 200 | GET /stylesheets/application.css - 102µs
2016-02-25 11:26:14 -0800 | 200 | GET /javascripts/application.js - 78µs
2016-02-25 11:27:14 -0800 | 200 | GET /posts/4/edit - 651µs
2016-02-25 11:27:14 -0800 | 200 | GET /stylesheets/application.css - 172µs
2016-02-25 11:27:14 -0800 | 200 | GET /javascripts/application.js - 161µs
2016-02-25 11:27:46 -0800 | 302 | POST /posts/4/update - 2.81ms
2016-02-25 11:27:46 -0800 | 200 | GET /posts/4 - 428µs
2016-02-25 11:27:46 -0800 | 200 | GET /stylesheets/application.css - 155µs
2016-02-25 11:27:46 -0800 | 200 | GET /javascripts/application.js - 178µs
2016-02-25 11:29:23 -0800 | 200 | GET /posts/4 - 26.09ms
2016-02-25 11:29:23 -0800 | 200 | GET /stylesheets/application.css - 99µs
2016-02-25 11:29:23 -0800 | 200 | GET /javascripts/application.js - 85µs
2016-02-25 11:57:35 -0800 | 200 | GET /posts/4 - 25.96ms
2016-02-25 11:57:35 -0800 | 200 | GET /stylesheets/application.css - 208µs
2016-02-25 11:57:35 -0800 | 200 | GET /javascripts/application.js - 88µs
2016-02-25 11:57:38 -0800 | 302 | GET /logout - 210µs
2016-02-25 11:57:38 -0800 | 200 | GET / - 519µs
2016-02-25 11:57:38 -0800 | 200 | GET /stylesheets/application.css - 151µs
2016-02-25 11:57:38 -0800 | 200 | GET /javascripts/application.js - 77µs
2016-02-25 11:57:40 -0800 | 200 | GET /posts/4 - 575µs
2016-02-25 11:57:40 -0800 | 200 | GET /stylesheets/application.css - 139µs
2016-02-25 11:57:40 -0800 | 200 | GET /javascripts/application.js - 80µs
2016-02-25 11:57:41 -0800 | 200 | GET /posts - 866µs
2016-02-25 11:57:41 -0800 | 200 | GET /stylesheets/application.css - 99µs
2016-02-25 11:57:41 -0800 | 200 | GET /javascripts/application.js - 84µs
2016-02-25 11:57:42 -0800 | 200 | GET /login - 174µs
2016-02-25 11:57:42 -0800 | 200 | GET /stylesheets/application.css - 150µs
2016-02-25 11:57:42 -0800 | 200 | GET /javascripts/application.js - 69µs
2016-02-25 11:57:46 -0800 | 302 | POST /session/create - 136µs
2016-02-25 11:57:46 -0800 | 200 | GET / - 454µs
2016-02-25 11:57:46 -0800 | 200 | GET /stylesheets/application.css - 167µs
2016-02-25 11:57:46 -0800 | 200 | GET /javascripts/application.js - 94µs
2016-02-25 11:57:48 -0800 | 200 | GET /posts/4/edit - 532µs
2016-02-25 11:57:48 -0800 | 200 | GET /stylesheets/application.css - 137µs
2016-02-25 11:57:48 -0800 | 200 | GET /javascripts/application.js - 838µs
2016-02-25 11:57:50 -0800 | 302 | POST /posts/4/update - 2.73ms
2016-02-25 11:57:50 -0800 | 200 | GET / - 473µs
2016-02-25 11:57:50 -0800 | 200 | GET /stylesheets/application.css - 95µs
2016-02-25 11:57:50 -0800 | 200 | GET /javascripts/application.js - 72µs
2016-02-25 11:57:53 -0800 | 302 | GET /posts/4/delete - 2.49ms
2016-02-25 11:57:53 -0800 | 200 | GET / - 357µs
2016-02-25 11:57:53 -0800 | 200 | GET /stylesheets/application.css - 154µs
2016-02-25 11:57:53 -0800 | 200 | GET /javascripts/application.js - 90µs
2016-02-25 11:57:55 -0800 | 302 | GET /logout - 183µs
2016-02-25 11:57:55 -0800 | 200 | GET / - 418µs
2016-02-25 11:57:55 -0800 | 200 | GET /stylesheets/application.css - 146µs
2016-02-25 11:57:55 -0800 | 200 | GET /javascripts/application.js - 72µs
2016-02-25 11:57:56 -0800 | 200 | GET /login - 182µs
2016-02-25 11:57:56 -0800 | 200 | GET /stylesheets/application.css - 99µs
2016-02-25 11:57:56 -0800 | 200 | GET /javascripts/application.js - 93µs
2016-02-25 11:58:00 -0800 | 302 | POST /session/create - 380µs
2016-02-25 11:58:00 -0800 | 200 | GET / - 465µs
2016-02-25 11:58:00 -0800 | 200 | GET /stylesheets/application.css - 356µs
2016-02-25 11:58:00 -0800 | 200 | GET /javascripts/application.js - 93µs
2016-02-25 11:58:01 -0800 | 200 | GET /posts/new - 216µs
2016-02-25 11:58:01 -0800 | 200 | GET /stylesheets/application.css - 163µs
2016-02-25 11:58:01 -0800 | 200 | GET /javascripts/application.js - 63µs
2016-02-25 11:58:13 -0800 | 302 | POST /posts/create - 2.47ms
2016-02-25 11:58:13 -0800 | 200 | GET / - 485µs
2016-02-25 11:58:13 -0800 | 200 | GET /stylesheets/application.css - 123µs
2016-02-25 11:58:13 -0800 | 200 | GET /javascripts/application.js - 103µs
