2016-02-20 19:47:25 -0800 | 404 | GET / - 373µs
2016-02-20 19:47:25 -0800 | 404 | GET /favicon.ico - 1µs
2016-02-20 19:47:25 -0800 | 404 | GET /apple-touch-icon-precomposed.png - 5µs
2016-02-20 19:47:25 -0800 | 404 | GET /apple-touch-icon.png - 1µs
2016-02-20 19:56:31 -0800 | 404 | GET / - 696µs
2016-02-20 19:58:34 -0800 | 404 | GET / - 618µs
2016-02-20 19:58:35 -0800 | 404 | GET / - 4µs
2016-02-20 19:58:51 -0800 | 404 | GET / - 4µs
2016-02-20 19:59:26 -0800 | 404 | GET / - 615µs
2016-02-20 19:59:41 -0800 | 404 | GET / - 10µs
2016-02-20 19:59:42 -0800 | 404 | GET /index.html%3Fp=58.html - 36µs
2016-02-20 19:59:50 -0800 | 200 | GET /index.html - 78µs
2016-02-20 20:27:55 -0800 | 200 | GET /index.html - 558µs
2016-02-22 17:23:26 -0800 | 404 | GET / - 130µs
2016-02-22 17:23:35 -0800 | 404 | GET / - 4µs
2016-02-22 17:23:35 -0800 | 404 | GET /posts - 42µs
2016-02-22 17:23:36 -0800 | 404 | GET /posts - 24µs
2016-02-22 17:23:42 -0800 | 404 | GET / - 4µs
2016-02-22 17:23:44 -0800 | 200 | GET /index.html - 55µs
2016-02-22 17:23:44 -0800 | 200 | GET /index.html - 70µs
2016-02-22 17:23:49 -0800 | 404 | GET / - 5µs
2016-02-22 17:23:50 -0800 | 404 | GET /posts - 17µs
2016-02-22 17:23:50 -0800 | 404 | GET /posts - 21µs
2016-02-22 20:55:15 -0800 | 404 | GET /posts - 882µs
2016-02-22 20:55:25 -0800 | 404 | GET /posts - 23µs
2016-02-22 20:55:29 -0800 | 404 | GET /posts - 26µs
2016-02-22 21:15:05 -0800 | 404 | GET /posts - 247µs
2016-02-22 21:15:09 -0800 | 404 | GET /posts/1/delete - 31µs
2016-02-22 21:15:09 -0800 | 404 | GET /posts/1 - 22µs
2016-02-22 21:15:09 -0800 | 404 | GET /posts/1 - 19µs
2016-02-22 21:15:12 -0800 | 404 | GET /posts/1/delete - 19µs
2016-02-22 21:15:12 -0800 | 404 | GET /posts - 18µs
2016-02-22 21:15:13 -0800 | 404 | GET /posts - 22µs
2016-02-22 21:15:16 -0800 | 200 | GET / - 80.12ms
2016-02-22 21:15:16 -0800 | 200 | GET /stylesheets/application.css - 261µs
2016-02-22 21:15:16 -0800 | 200 | GET /javascripts/application.js - 200µs
2016-02-22 21:15:16 -0800 | 200 | GET / - 519µs
2016-02-22 21:15:16 -0800 | 200 | GET /stylesheets/application.css - 93µs
2016-02-22 21:15:16 -0800 | 200 | GET /javascripts/application.js - 51µs
2016-02-22 21:16:17 -0800 | 404 | GET /posts/new - 29µs
2016-02-22 21:16:23 -0800 | 404 | GET /posts/2/edit - 25µs
2016-02-22 21:16:27 -0800 | 404 | GET /posts/2 - 44µs
2016-02-22 21:16:35 -0800 | 200 | GET / - 429µs
2016-02-22 21:16:35 -0800 | 200 | GET /stylesheets/application.css - 112µs
2016-02-22 21:16:35 -0800 | 200 | GET /javascripts/application.js - 54µs
2016-02-22 21:16:36 -0800 | 404 | GET /posts/new - 24µs
2016-02-22 21:16:40 -0800 | 404 | GET /logout - 38µs
2016-02-22 21:16:43 -0800 | 200 | GET / - 1.01ms
2016-02-22 21:16:43 -0800 | 200 | GET /stylesheets/application.css - 60µs
2016-02-22 21:16:43 -0800 | 200 | GET /javascripts/application.js - 40µs
2016-02-22 21:24:34 -0800 | 200 | GET / - 308µs
2016-02-22 21:38:47 -0800 | 200 | GET /posts/new - 96µs
2016-02-22 21:38:47 -0800 | 200 | GET /stylesheets/application.css - 140µs
2016-02-22 21:38:47 -0800 | 200 | GET /javascripts/application.js - 73µs
2016-02-22 21:40:40 -0800 | 200 | GET / - 26.21ms
2016-02-22 21:40:40 -0800 | 200 | GET /stylesheets/application.css - 126µs
2016-02-22 21:40:40 -0800 | 200 | GET /javascripts/application.js - 143µs
2016-02-22 21:40:53 -0800 | 200 | GET / - 377µs
2016-02-22 21:40:53 -0800 | 200 | GET /stylesheets/application.css - 87µs
2016-02-22 21:40:53 -0800 | 200 | GET /javascripts/application.js - 66µs
2016-02-22 21:40:53 -0800 | 200 | GET /posts - 500µs
2016-02-22 21:40:53 -0800 | 200 | GET /stylesheets/application.css - 62µs
2016-02-22 21:40:53 -0800 | 200 | GET /javascripts/application.js - 78µs
2016-02-22 21:40:54 -0800 | 200 | GET /posts - 386µs
2016-02-22 21:40:54 -0800 | 200 | GET /stylesheets/application.css - 152µs
2016-02-22 21:40:54 -0800 | 200 | GET /javascripts/application.js - 63µs
2016-02-22 21:42:17 -0800 | 200 | GET / - 28.19ms
2016-02-22 21:42:18 -0800 | 200 | GET /stylesheets/application.css - 103µs
2016-02-22 21:42:18 -0800 | 200 | GET /javascripts/application.js - 80µs
2016-02-22 21:49:55 -0800 | 200 | GET / - 29.1ms
2016-02-22 21:49:55 -0800 | 200 | GET /stylesheets/application.css - 100µs
2016-02-22 21:49:55 -0800 | 200 | GET /javascripts/application.js - 67µs
2016-02-22 21:50:00 -0800 | 200 | GET /posts/new - 90µs
2016-02-22 21:50:00 -0800 | 200 | GET /stylesheets/application.css - 158µs
2016-02-22 21:50:00 -0800 | 200 | GET /javascripts/application.js - 60µs
2016-02-22 21:50:02 -0800 | 200 | GET / - 467µs
2016-02-22 21:50:02 -0800 | 200 | GET /stylesheets/application.css - 105µs
2016-02-22 21:50:02 -0800 | 200 | GET /javascripts/application.js - 140µs
2016-02-22 21:50:05 -0800 | 500 | GET /logout - 3.58ms
2016-02-22 21:50:36 -0800 | 500 | GET /posts/2 - 356µs
2016-02-22 21:50:59 -0800 | 500 | GET /posts/2/edit - 343µs
2016-02-22 21:51:06 -0800 | 200 | GET /posts/new - 95µs
2016-02-22 21:51:06 -0800 | 200 | GET /stylesheets/application.css - 201µs
2016-02-22 21:51:06 -0800 | 200 | GET /javascripts/application.js - 72µs
2016-02-22 21:51:09 -0800 | 200 | GET / - 450µs
2016-02-22 21:51:09 -0800 | 200 | GET /stylesheets/application.css - 98µs
2016-02-22 21:51:09 -0800 | 200 | GET /javascripts/application.js - 85µs
2016-02-22 22:02:16 -0800 | 200 | GET / - 25.38ms
2016-02-22 22:02:16 -0800 | 200 | GET /stylesheets/application.css - 79µs
2016-02-22 22:02:16 -0800 | 200 | GET /javascripts/application.js - 68µs
2016-02-22 22:02:18 -0800 | 200 | GET /posts/2 - 5.99ms
2016-02-22 22:02:18 -0800 | 200 | GET /stylesheets/application.css - 152µs
2016-02-22 22:02:18 -0800 | 200 | GET /javascripts/application.js - 133µs
2016-02-22 22:02:20 -0800 | 200 | GET /posts - 672µs
2016-02-22 22:02:20 -0800 | 200 | GET /stylesheets/application.css - 101µs
2016-02-22 22:02:20 -0800 | 200 | GET /javascripts/application.js - 88µs
2016-02-22 22:02:21 -0800 | 200 | GET /posts/2/edit - 458µs
2016-02-22 22:02:21 -0800 | 200 | GET /stylesheets/application.css - 100µs
2016-02-22 22:02:21 -0800 | 200 | GET /javascripts/application.js - 69µs
2016-02-22 22:02:22 -0800 | 200 | GET /posts - 465µs
2016-02-22 22:02:22 -0800 | 200 | GET /stylesheets/application.css - 198µs
2016-02-22 22:02:22 -0800 | 200 | GET /javascripts/application.js - 87µs
2016-02-22 22:02:27 -0800 | 200 | GET /posts/2 - 488µs
2016-02-22 22:02:27 -0800 | 200 | GET /stylesheets/application.css - 147µs
2016-02-22 22:02:27 -0800 | 200 | GET /javascripts/application.js - 90µs
2016-02-22 22:02:29 -0800 | 200 | GET /posts - 465µs
2016-02-22 22:02:29 -0800 | 200 | GET /stylesheets/application.css - 109µs
2016-02-22 22:02:29 -0800 | 200 | GET /javascripts/application.js - 76µs
2016-02-22 22:02:31 -0800 | 200 | GET /posts/new - 93µs
2016-02-22 22:02:31 -0800 | 200 | GET /stylesheets/application.css - 193µs
2016-02-22 22:02:31 -0800 | 200 | GET /javascripts/application.js - 82µs
2016-02-22 22:02:33 -0800 | 200 | GET / - 430µs
2016-02-22 22:02:33 -0800 | 200 | GET /stylesheets/application.css - 104µs
2016-02-22 22:02:33 -0800 | 200 | GET /javascripts/application.js - 110µs
2016-02-22 22:22:49 -0800 | 500 | GET / - 29.61ms
2016-02-22 22:27:13 -0800 | 200 | GET / - 25.16ms
2016-02-22 22:27:13 -0800 | 200 | GET /stylesheets/application.css - 292µs
2016-02-22 22:27:13 -0800 | 200 | GET /javascripts/application.js - 65µs
2016-02-22 22:27:28 -0800 | 200 | GET /posts/2 - 507µs
2016-02-22 22:27:28 -0800 | 200 | GET /stylesheets/application.css - 113µs
2016-02-22 22:27:28 -0800 | 200 | GET /javascripts/application.js - 135µs
2016-02-22 22:27:29 -0800 | 200 | GET /posts - 432µs
2016-02-22 22:27:29 -0800 | 200 | GET /stylesheets/application.css - 162µs
2016-02-22 22:27:29 -0800 | 200 | GET /javascripts/application.js - 96µs
2016-02-22 22:27:30 -0800 | 200 | GET /posts/2/edit - 497µs
2016-02-22 22:27:30 -0800 | 200 | GET /stylesheets/application.css - 105µs
2016-02-22 22:27:30 -0800 | 200 | GET /javascripts/application.js - 103µs
2016-02-22 22:27:31 -0800 | 200 | GET /posts - 462µs
2016-02-22 22:27:31 -0800 | 200 | GET /stylesheets/application.css - 135µs
2016-02-22 22:27:31 -0800 | 200 | GET /javascripts/application.js - 92µs
2016-02-22 22:27:33 -0800 | 200 | GET /posts/2/edit - 460µs
2016-02-22 22:27:33 -0800 | 200 | GET /stylesheets/application.css - 163µs
2016-02-22 22:27:33 -0800 | 200 | GET /javascripts/application.js - 80µs
2016-02-22 22:27:34 -0800 | 500 | POST /posts/2/update - 3.66ms
2016-02-22 22:30:06 -0800 | 500 | POST /posts/2/update - 3.67ms
2016-02-22 22:30:36 -0800 | 200 | GET /posts/2/edit - 25.45ms
2016-02-22 22:30:36 -0800 | 200 | GET /stylesheets/application.css - 167µs
2016-02-22 22:30:36 -0800 | 200 | GET /javascripts/application.js - 69µs
2016-02-22 22:30:39 -0800 | 500 | GET /posts/2/update?name=Using+Kemalyst+Instead+of+Amethyst&body=I+switch+to+a+new+framework+based+on+Kemal.++This+has+blazing+speed+and+isn%27t+single+threaded.++I+added+the+same+connection+pools+to+my+model+objects. - 278µs
2016-02-22 22:31:36 -0800 | 200 | GET /posts/2/edit - 25.01ms
2016-02-22 22:31:36 -0800 | 200 | GET /stylesheets/application.css - 128µs
2016-02-22 22:31:36 -0800 | 200 | GET /javascripts/application.js - 62µs
2016-02-22 22:31:37 -0800 | 500 | POST /posts/2/update - 3.03ms
2016-02-22 22:33:20 -0800 | 200 | GET /posts/2/edit - 25.33ms
2016-02-22 22:33:20 -0800 | 200 | GET /stylesheets/application.css - 245µs
2016-02-22 22:33:20 -0800 | 200 | GET /javascripts/application.js - 73µs
2016-02-22 22:33:21 -0800 | 302 | POST /posts/2/update - 2.64ms
2016-02-22 22:33:21 -0800 | 200 | GET /posts/2 - 319µs
2016-02-22 22:33:21 -0800 | 200 | GET /stylesheets/application.css - 123µs
2016-02-22 22:33:21 -0800 | 200 | GET /javascripts/application.js - 73µs
2016-02-22 22:33:23 -0800 | 200 | GET /posts - 1.97ms
2016-02-22 22:33:23 -0800 | 200 | GET /stylesheets/application.css - 141µs
2016-02-22 22:33:23 -0800 | 200 | GET /javascripts/application.js - 96µs
2016-02-22 22:33:24 -0800 | 200 | GET /posts/2/edit - 468µs
2016-02-22 22:33:24 -0800 | 200 | GET /stylesheets/application.css - 137µs
2016-02-22 22:33:24 -0800 | 200 | GET /javascripts/application.js - 105µs
2016-02-22 22:33:34 -0800 | 302 | POST /posts/2/update - 1.28ms
2016-02-22 22:33:34 -0800 | 200 | GET /posts/2 - 696µs
2016-02-22 22:33:34 -0800 | 200 | GET /stylesheets/application.css - 76µs
2016-02-22 22:33:34 -0800 | 200 | GET /javascripts/application.js - 75µs
2016-02-22 22:33:38 -0800 | 200 | GET /posts/2 - 481µs
2016-02-22 22:33:38 -0800 | 200 | GET /stylesheets/application.css - 97µs
2016-02-22 22:33:38 -0800 | 200 | GET /javascripts/application.js - 164µs
2016-02-22 22:33:40 -0800 | 200 | GET /posts - 529µs
2016-02-22 22:33:40 -0800 | 200 | GET /stylesheets/application.css - 165µs
2016-02-22 22:33:40 -0800 | 200 | GET /javascripts/application.js - 117µs
2016-02-22 22:33:41 -0800 | 200 | GET /posts/2/edit - 448µs
2016-02-22 22:33:41 -0800 | 200 | GET /stylesheets/application.css - 120µs
2016-02-22 22:33:41 -0800 | 200 | GET /javascripts/application.js - 115µs
2016-02-22 22:33:47 -0800 | 302 | POST /posts/2/update - 1.35ms
2016-02-22 22:33:47 -0800 | 200 | GET /posts/2 - 245µs
2016-02-22 22:33:47 -0800 | 200 | GET /stylesheets/application.css - 122µs
2016-02-22 22:33:47 -0800 | 200 | GET /javascripts/application.js - 74µs
2016-02-22 22:35:21 -0800 | 200 | GET /posts/new - 93µs
2016-02-22 22:35:21 -0800 | 200 | GET /stylesheets/application.css - 119µs
2016-02-22 22:35:21 -0800 | 200 | GET /javascripts/application.js - 59µs
2016-02-22 22:35:35 -0800 | 302 | POST /posts/create - 3.41ms
2016-02-22 22:35:35 -0800 | 200 | GET /posts - 386µs
2016-02-22 22:35:35 -0800 | 200 | GET /stylesheets/application.css - 89µs
2016-02-22 22:35:35 -0800 | 200 | GET /javascripts/application.js - 86µs
2016-02-22 22:52:19 -0800 | 200 | GET /posts - 25.03ms
2016-02-22 22:52:19 -0800 | 200 | GET /stylesheets/application.css - 91µs
2016-02-22 22:52:19 -0800 | 200 | GET /javascripts/application.js - 75µs
2016-02-22 22:52:22 -0800 | 200 | GET /posts/3/edit - 517µs
2016-02-22 22:52:22 -0800 | 200 | GET /stylesheets/application.css - 196µs
2016-02-22 22:52:22 -0800 | 200 | GET /javascripts/application.js - 122µs
2016-02-22 22:53:04 -0800 | 500 | POST /posts/3/update - 3.83ms
2016-02-22 22:53:11 -0800 | 200 | GET /posts/3/edit - 473µs
2016-02-22 22:53:11 -0800 | 200 | GET /stylesheets/application.css - 118µs
2016-02-22 22:53:11 -0800 | 200 | GET /javascripts/application.js - 178µs
2016-02-22 22:53:12 -0800 | 200 | GET /posts/3/edit - 464µs
2016-02-22 22:53:12 -0800 | 200 | GET /stylesheets/application.css - 100µs
2016-02-22 22:53:12 -0800 | 200 | GET /javascripts/application.js - 122µs
2016-02-22 22:53:14 -0800 | 200 | GET /posts/new - 87µs
2016-02-22 22:53:14 -0800 | 200 | GET /stylesheets/application.css - 159µs
2016-02-22 22:53:14 -0800 | 200 | GET /javascripts/application.js - 74µs
2016-02-22 22:53:24 -0800 | 302 | POST /posts/create - 1.52ms
2016-02-22 22:53:24 -0800 | 200 | GET /posts - 311µs
2016-02-22 22:53:24 -0800 | 200 | GET /stylesheets/application.css - 73µs
2016-02-22 22:53:24 -0800 | 200 | GET /javascripts/application.js - 88µs
2016-02-22 22:53:28 -0800 | 200 | GET /posts/3/edit - 453µs
2016-02-22 22:53:28 -0800 | 200 | GET /stylesheets/application.css - 132µs
2016-02-22 22:53:28 -0800 | 200 | GET /javascripts/application.js - 97µs
2016-02-22 22:53:45 -0800 | 500 | POST /posts/3/update - 249µs
2016-02-22 23:01:01 -0800 | 200 | GET / - 27.04ms
2016-02-22 23:01:01 -0800 | 200 | GET /stylesheets/application.css - 179µs
2016-02-22 23:01:01 -0800 | 200 | GET /javascripts/application.js - 70µs
2016-02-22 23:01:08 -0800 | 500 | GET /posts/4/delete - 3.35ms
2016-02-22 23:01:17 -0800 | 200 | GET / - 497µs
2016-02-22 23:01:17 -0800 | 200 | GET /stylesheets/application.css - 176µs
2016-02-22 23:01:17 -0800 | 200 | GET /javascripts/application.js - 71µs
2016-02-22 23:01:21 -0800 | 200 | GET /posts/new - 94µs
2016-02-22 23:01:21 -0800 | 200 | GET /stylesheets/application.css - 180µs
2016-02-22 23:01:21 -0800 | 200 | GET /javascripts/application.js - 91µs
2016-02-22 23:01:34 -0800 | 302 | POST /posts/create - 1.41ms
2016-02-22 23:01:34 -0800 | 200 | GET /posts - 341µs
2016-02-22 23:01:34 -0800 | 200 | GET /stylesheets/application.css - 101µs
2016-02-22 23:01:34 -0800 | 200 | GET /javascripts/application.js - 60µs
2016-02-22 23:01:38 -0800 | 200 | GET /posts/5/edit - 562µs
2016-02-22 23:01:38 -0800 | 200 | GET /stylesheets/application.css - 160µs
2016-02-22 23:01:38 -0800 | 200 | GET /javascripts/application.js - 129µs
2016-02-22 23:01:40 -0800 | 500 | POST /posts/5/update - 1.38ms
